18.05.2023 21:54:45 - login successful for user 'Aleksandar Veljkovic'.
18.05.2023 21:31:05 - login successful for user 'Aleksandar Veljkovic'.
18.05.2023 19:49:29 - Successful  log out for 'Aleksandar Veljkovic'
18.05.2023 19:49:05 - login successful for user 'Aleksandar Veljkovic'.
18.05.2023 19:48:47 - Fields contain forbidden characters: fc yfyf phpjhvh - ::1
18.05.2023 19:48:30 - User with username 'trret' isn't registered.
18.05.2023 19:47:59 - Successful  log out for 'Aleksandar Veljkovic'
18.05.2023 19:41:13 - login successful for user 'Aleksandar Veljkovic'.
18.05.2023 19:40:41 - Successful  log out for 'Aleksandar Veljkovic'
18.05.2023 19:38:59 - login successful for user 'Aleksandar Veljkovic'.
18.05.2023 19:37:57 - Successful  log out for 'Aleksandar Veljkovic'
18.05.2023 19:37:53 - login successful for user 'Aleksandar Veljkovic'.
18.05.2023 19:37:43 - Successful  log out for 'Aleksandar Veljkovic'
18.05.2023 19:03:35 - login successful for user 'Aleksandar Veljkovic'.
18.05.2023 18:55:05 - login successful for user 'Aleksandar Veljkovic'.
18.05.2023 18:54:58 - User with username 'asqw' isn't registered.
18.05.2023 18:47:40 - User with username 'asqw' isn't registered.
18.05.2023 18:44:55 - User with username 'sadwq' isn't registered.
18.05.2023 18:44:38 - User with username 'sadwq' isn't registered.
18.05.2023 18:44:00 - User with username 'sadwq' isn't registered.
18.05.2023 18:40:39 - login successful for user 'Aleksandar Veljkovic'.
18.05.2023 18:39:36 - User with username 'asdwq' isn't registered.
18.05.2023 18:33:35 - User with username 'sadwqasd' isn't registered.
18.05.2023 18:33:20 - User with username 'sadwqasd' isn't registered.
18.05.2023 18:33:01 - User with username 'sadwqasd' isn't registered.
18.05.2023 18:29:10 - User with username 'sadwqasd' isn't registered.
18.05.2023 18:28:46 - User with username 'sadwqasd' isn't registered.
18.05.2023 18:27:47 - User with username 'sadwqasd' isn't registered.
18.05.2023 18:27:15 - User with username 'sadwqasd' isn't registered.
18.05.2023 18:27:01 - User with username 'sadwqasd' isn't registered.
18.05.2023 18:26:51 - User with username 'sadwqasd' isn't registered.
18.05.2023 18:26:08 - User with username 'sadwqasd' isn't registered.
18.05.2023 18:26:01 - User with username 'sadwqasd' isn't registered.
18.05.2023 18:25:54 - User with username 'sadwqasd' isn't registered.
18.05.2023 18:25:42 - User with username 'sadwqasd' isn't registered.
18.05.2023 18:25:18 - User with username 'sadwqasd' isn't registered.
18.05.2023 18:24:27 - User with username 'sadwqasd' isn't registered.
18.05.2023 18:22:39 - User with username 'sadwqasd' isn't registered.
18.05.2023 18:22:33 - User with username 'asdwq' isn't registered.
18.05.2023 18:20:55 - User with username 'asdwq' isn't registered.
18.05.2023 18:18:24 - User with username 'asdwq' isn't registered.
18.05.2023 18:17:43 - User with username 'asdwq' isn't registered.
18.05.2023 18:16:46 - User with username 'asdwq' isn't registered.
18.05.2023 18:15:37 - User with username 'asdwq' isn't registered.
18.05.2023 18:02:56 - login successful for user 'Aleksandar Veljkovic'.
18.05.2023 18:02:22 - login successful for user 'Aleksandar Veljkovic'.
18.05.2023 18:00:25 - Wrong password for user 'Acomir95'.
18.05.2023 17:59:50 - Fields contain forbidden characters: sadwqasd aca aca - ::1
18.05.2023 17:59:34 - User with username 'aca' isn't registered.
18.05.2023 17:59:20 - Fields contain forbidden characters: qs phpdqwdqw - ::1
