18.06.2023 19:51:45 - You did not enter a last name. - ::1
18.06.2023 19:51:45 - You did not enter a name. - ::1
18.06.2023 19:51:45 - You did not enter a email. - ::1
18.06.2023 19:51:45 - Wrong reentered password. - ::1
18.06.2023 19:51:45 - Password must be a least 5 characters long. - ::1
18.06.2023 19:51:45 - You did not enter a username. - ::1
18.06.2023 19:48:18 - You did not enter a last name. - ::1
18.06.2023 19:48:18 - You did not enter a name. - ::1
18.06.2023 19:48:18 - You did not enter a email. - ::1
18.06.2023 19:48:18 - Wrong reentered password. - ::1
18.06.2023 19:48:18 - Password must be a least 5 characters long. - ::1
18.06.2023 19:48:18 - You did not enter a username. - ::1
18.06.2023 19:46:09 - You did not enter a last name. - ::1
18.06.2023 19:46:09 - You did not enter a name. - ::1
18.06.2023 19:46:09 - You did not enter a email. - ::1
18.06.2023 19:46:09 - Wrong reentered password. - ::1
18.06.2023 19:46:09 - Password must be a least 5 characters long. - ::1
18.06.2023 19:46:09 - You did not enter a username. - ::1
18.06.2023 19:45:52 - You did not enter a last name. - ::1
18.06.2023 19:45:52 - You did not enter a name. - ::1
18.06.2023 19:45:52 - You did not enter a email. - ::1
18.06.2023 19:45:52 - Wrong reentered password. - ::1
18.06.2023 19:45:52 - Password must be a least 5 characters long. - ::1
18.06.2023 19:45:52 - You did not enter a username. - ::1
18.06.2023 19:45:09 - You did not enter a last name. - ::1
18.06.2023 19:45:09 - You did not enter a name. - ::1
18.06.2023 19:45:09 - You did not enter a email. - ::1
18.06.2023 19:45:09 - Wrong reentered password. - ::1
18.06.2023 19:45:09 - Password must be a least 5 characters long. - ::1
18.06.2023 19:45:09 - You did not enter a username. - ::1
18.06.2023 18:42:13 - You can only enter text. - ::1
18.06.2023 18:42:13 - You can only enter text. - ::1
18.06.2023 18:42:13 - You did not enter a email. - ::1
18.06.2023 18:42:13 - Wrong reentered password. - ::1
18.06.2023 18:42:13 - Password field contain forbidden characters. - ::1
18.06.2023 18:42:13 - You did not enter a username. - ::1
18.06.2023 18:40:18 - You did not enter a last name. - ::1
18.06.2023 18:40:18 - You did not enter a name. - ::1
18.06.2023 18:40:18 - You did not enter a email. - ::1
18.06.2023 18:40:18 - Wrong reentered password. - ::1
18.06.2023 18:40:18 - You did not enter a username. - ::1
18.06.2023 18:39:13 - You did not enter a last name. - ::1
18.06.2023 18:39:13 - You did not enter a name. - ::1
18.06.2023 18:39:13 - You did not enter a email. - ::1
18.06.2023 18:39:13 - Wrong reentered password. - ::1
18.06.2023 18:39:13 - You did not enter a username. - ::1
18.06.2023 18:38:41 - You did not enter a last name. - ::1
18.06.2023 18:38:41 - You did not enter a name. - ::1
18.06.2023 18:38:41 - You did not enter a email. - ::1
18.06.2023 18:38:41 - Wrong reentered password. - ::1
18.06.2023 18:38:41 - Password must be a least 5 characters long. - ::1
18.06.2023 18:38:41 - You did not enter a username. - ::1
