24.06.2023 22:59:17 - login successful for user 'Jovana Pavlovic'.
24.06.2023 22:53:33 - Successful log out for 'Aleksandar Veljkovic'
24.06.2023 22:52:44 - login successful for user 'Aleksandar Veljkovic'.
24.06.2023 22:52:21 - Fields contain forbidden characters: Acomir95 aca  aca - ::1
24.06.2023 22:52:07 - Fields contain forbidden characters: Acomir95 aca     adwqdsawqc   sadwq - ::1
24.06.2023 22:51:57 - Fields contain forbidden characters: Acomir95 aca    aca - ::1
24.06.2023 22:51:36 - Fields contain forbidden characters: Acomir95 aca krastavac - ::1
24.06.2023 22:51:08 - Fields contain forbidden characters: Acomir95 <> - ::1
24.06.2023 22:50:43 - Wrong password for user 'Acomir95'.
24.06.2023 22:50:00 - Wrong password for user 'johnwick'.
24.06.2023 22:49:48 - Wrong password for user 'johnwick'.
24.06.2023 22:49:37 - Successful log out for 'John Wick'
24.06.2023 22:47:16 - login successful for user 'John Wick'.
24.06.2023 22:46:33 - Wrong password for user 'johnwick'.
24.06.2023 22:45:30 - Fields contain forbidden characters: johnwick aca - ::1
24.06.2023 22:44:19 - Fields contain forbidden characters: johnwick aca - ::1
24.06.2023 22:44:10 - Fields contain forbidden characters: johnwick asqw - ::1
24.06.2023 17:47:54 - Successful log out for 'Milos Krstic'
24.06.2023 17:47:43 - login successful for user 'Milos Krstic'.
24.06.2023 17:46:04 - Successful log out for 'Aleksandar Veljkovic'
24.06.2023 17:44:00 - login successful for user 'Aleksandar Veljkovic'.
24.06.2023 17:30:32 - Successful log out for 'Dimitrije Lazarevic'
24.06.2023 17:30:07 - login successful for user 'Dimitrije Lazarevic'.
24.06.2023 17:28:47 - Successful log out for 'Nenad Veljkovic'
24.06.2023 17:23:51 - login successful for user 'Nenad Veljkovic'.
24.06.2023 17:23:31 - Successful log out for 'Dimitrije Lazarevic'
24.06.2023 17:23:20 - login successful for user 'Dimitrije Lazarevic'.
24.06.2023 17:23:07 - Wrong password for user 'dinkistanbo'.
24.06.2023 17:22:58 - Wrong password for user 'dinkistanbo'.
24.06.2023 17:22:42 - Successful log out for 'Aleksandar Veljkovic'
24.06.2023 17:22:31 - login successful for user 'Aleksandar Veljkovic'.
24.06.2023 17:07:07 - Successful log out for 'Aleksandar Veljkovic'
24.06.2023 17:05:47 - login successful for user 'Aleksandar Veljkovic'.
24.06.2023 17:05:37 - Wrong password for user 'Acomir95'.
24.06.2023 17:05:30 - Successful log out for 'Dimitrije Lazarevic'
24.06.2023 17:05:18 - login successful for user 'Dimitrije Lazarevic'.
24.06.2023 16:51:43 - Successful log out for 'Dimitrije Lazarevic'
24.06.2023 16:46:32 - login successful for user 'Dimitrije Lazarevic'.
24.06.2023 16:45:53 - Wrong password for user 'dinkistanbo'.
24.06.2023 16:43:10 - Successful log out for 'Pavle Milutinovic'
24.06.2023 16:30:02 - login successful for user 'Pavle Milutinovic'.
24.06.2023 16:28:07 - Successful log out for 'Aleksandar Veljkovic'
24.06.2023 15:54:50 - login successful for user 'Aleksandar Veljkovic'.
