16.10.2024 16:57:00 - Account successfully created - 'aacacacaca ccccccccc'.
16.10.2024 16:56:54 - You did not choose a country. - ::1
16.10.2024 16:56:28 - You did not choose a country. - ::1
16.10.2024 16:56:28 - Name must be at least 3 characters long. - ::1
16.10.2024 16:56:28 - You did not enter a valid email. - ::1
16.10.2024 16:56:28 - Wrong reentered password. - ::1
16.10.2024 16:56:04 - You did not choose a country. - ::1
16.10.2024 16:56:04 - Name must be at least 3 characters long. - ::1
16.10.2024 16:56:04 - Wrong reentered password. - ::1
16.10.2024 16:55:25 - You did not choose a country. - ::1
16.10.2024 16:55:25 - You did not enter a last name. - ::1
16.10.2024 16:55:25 - You did not enter a name. - ::1
16.10.2024 16:55:25 - You did not enter a email. - ::1
16.10.2024 16:55:25 - You did not enter a password. - '' - ::1
16.10.2024 16:55:25 - You did not enter a username. - ::1
16.10.2024 16:53:59 - Email already exist. - ::1
16.10.2024 16:53:59 - You did not enter a password. - '' - ::1
16.10.2024 16:53:59 - Username already exist. - ::1
16.10.2024 16:49:14 - Account successfully created - 'acacaa acacacaca'.
16.10.2024 16:17:21 - Account successfully created - 'cacaca acacaca'.
16.10.2024 16:16:25 - You did not enter a last name. - ::1
16.10.2024 16:16:25 - You did not enter a name. - ::1
16.10.2024 16:16:25 - You did not enter a email. - ::1
16.10.2024 16:16:25 - Wrong reentered password. - ::1
16.10.2024 16:16:25 - Password must be at least 5 characters long. - 'php' - ::1
16.10.2024 16:16:25 - Username must be at least 5 characters long. - ::1
16.10.2024 16:15:03 - You did not enter a last name. - ::1
16.10.2024 16:15:03 - You did not enter a name. - ::1
16.10.2024 16:15:03 - You did not enter a email. - ::1
16.10.2024 16:15:03 - Wrong reentered password. - ::1
16.10.2024 16:15:03 - Password must be at least 5 characters long. - 'php' - ::1
16.10.2024 16:15:03 - Username must be at least 5 characters long. - ::1
