06.02.2024 21:16:12 - login successful for user 'Aleksandar Veljkovic'.
06.02.2024 20:08:18 - Successful log out for 'Aleksandar Veljkovic'
06.02.2024 20:06:08 - login successful for user 'Aleksandar Veljkovic'.
06.02.2024 19:48:25 - Successful log out for 'Milos Krstic'
06.02.2024 19:48:16 - login successful for user 'Milos Krstic'.
06.02.2024 19:14:50 - login successful for user 'Aleksandar Veljkovic'.
06.02.2024 19:09:03 - Successful log out for 'Marshall Mathers'
06.02.2024 19:08:28 - login successful for user 'Marshall Mathers'.
06.02.2024 19:08:17 - Fields contain forbidden characters: eminem123 asdwqas  q\ - ::1
06.02.2024 18:47:55 - Fields contain forbidden characters: root <script> - ::1
06.02.2024 18:47:47 - Wrong password for user 'daca995'.
06.02.2024 18:47:10 - Successful log out for 'Aleksandar Veljkovic'
06.02.2024 17:53:18 - login successful for user 'Aleksandar Veljkovic'.
06.02.2024 17:53:05 - Successful log out for 'Katarina Kostic'
06.02.2024 17:28:02 - login successful for user 'Katarina Kostic'.
06.02.2024 17:27:51 - Successful log out for 'Katarina Kostic'
06.02.2024 17:27:44 - login successful for user 'Katarina Kostic'.
06.02.2024 17:00:27 - Successful log out for 'Aleksandar Veljkovic'
06.02.2024 17:00:21 - login successful for user 'Aleksandar Veljkovic'.
06.02.2024 16:59:00 - Successful log out for 'Aleksandar Veljkovic'
06.02.2024 16:58:42 - login successful for user 'Aleksandar Veljkovic'.
06.02.2024 16:50:44 - Successful log out for 'Katarina Kostic'
06.02.2024 16:30:58 - login successful for user 'Katarina Kostic'.
06.02.2024 16:30:07 - Successful log out for 'Aleksandar Veljkovic'
06.02.2024 16:29:57 - login successful for user 'Aleksandar Veljkovic'.
06.02.2024 12:35:39 - Successful log out for 'Aleksandar Veljkovic'
06.02.2024 12:30:06 - login successful for user 'Aleksandar Veljkovic'.
06.02.2024 12:29:02 - Successful log out for 'Aleksandar Veljkovic'
06.02.2024 12:28:36 - login successful for user 'Aleksandar Veljkovic'.
06.02.2024 11:36:31 - Successful log out for 'Aleksandar Veljkovic'
06.02.2024 11:16:17 - login successful for user 'Aleksandar Veljkovic'.
