10.02.2024 21:06:14 - Account successfully created - 'qwdwdqwdqwd wdqwdqwdqdqwdwqw'.
10.02.2024 21:04:44 - Account successfully created - 'qwdqwdqwdqwdwd qwdqwddqwd'.
10.02.2024 20:52:00 - Account successfully created - 'asdqwdqwdqwdqw asdqwdqwdqasdqw'.
10.02.2024 20:51:35 - Email already exist. - ::1
10.02.2024 20:50:14 - Account successfully created - 'asdqwdqwasd qwdqwdasdqw'.
10.02.2024 20:22:46 - Account successfully created - 'asdqwdqwas qwdasdqwdq'.
10.02.2024 20:19:29 - Account successfully created - 'asdqwdasdqw adqwdqwdasdqw'.
10.02.2024 20:18:50 - Account successfully created - 'asdwqas aasdqwdas'.
10.02.2024 17:44:28 - Email already exist. - ::1
10.02.2024 17:44:28 - You did not enter a password. - '' - ::1
10.02.2024 17:44:28 - Username already exist. - ::1
10.02.2024 17:43:50 - Account successfully created - 'asdqw asdqwasd'.
10.02.2024 17:42:38 - Account successfully created - 'asdqwdasdqw asdqwasddqw'.
10.02.2024 17:42:09 - Account successfully created - 'asdqwasd asdqwqasd'.
10.02.2024 17:36:18 - Wrong reentered password. - ::1
10.02.2024 17:34:06 - You did not enter a last name. - ::1
10.02.2024 17:34:06 - You did not enter a name. - ::1
10.02.2024 17:34:06 - You did not enter a email. - ::1
10.02.2024 17:34:06 - Wrong reentered password. - ::1
10.02.2024 17:34:06 - Password must be at least 5 characters long. - 'php' - ::1
10.02.2024 17:34:06 - Username must be at least 5 characters long. - ::1
10.02.2024 17:33:59 - You did not enter a last name. - ::1
10.02.2024 17:33:59 - You did not enter a name. - ::1
10.02.2024 17:33:59 - You did not enter a email. - ::1
10.02.2024 17:33:59 - Wrong reentered password. - ::1
10.02.2024 17:33:59 - Password must be at least 5 characters long. - 'php' - ::1
10.02.2024 17:33:59 - Username must be at least 5 characters long. - ::1
10.02.2024 17:33:57 - You did not enter a last name. - ::1
10.02.2024 17:33:57 - You did not enter a name. - ::1
10.02.2024 17:33:57 - You did not enter a email. - ::1
10.02.2024 17:33:57 - Wrong reentered password. - ::1
10.02.2024 17:33:57 - Password must be at least 5 characters long. - 'php' - ::1
10.02.2024 17:33:57 - Username must be at least 5 characters long. - ::1
10.02.2024 17:33:31 - You did not enter a last name. - ::1
10.02.2024 17:33:31 - You did not enter a name. - ::1
10.02.2024 17:33:31 - You did not enter a email. - ::1
10.02.2024 17:33:31 - Wrong reentered password. - ::1
10.02.2024 17:33:31 - Password must be at least 5 characters long. - 'php' - ::1
10.02.2024 17:33:31 - Username must be at least 5 characters long. - ::1
10.02.2024 17:33:25 - You did not enter a last name. - ::1
10.02.2024 17:33:25 - You did not enter a name. - ::1
10.02.2024 17:33:25 - You did not enter a email. - ::1
10.02.2024 17:33:25 - Wrong reentered password. - ::1
10.02.2024 17:33:25 - Password must be at least 5 characters long. - 'php' - ::1
10.02.2024 17:33:25 - Username must be at least 5 characters long. - ::1
10.02.2024 17:33:10 - You did not enter a last name. - ::1
10.02.2024 17:33:10 - You did not enter a name. - ::1
10.02.2024 17:33:10 - You did not enter a email. - ::1
10.02.2024 17:33:10 - Wrong reentered password. - ::1
10.02.2024 17:33:10 - Password must be at least 5 characters long. - 'php' - ::1
10.02.2024 17:33:10 - Username must be at least 5 characters long. - ::1
